app/build/outputs/mapping/release/seeds.txt
com.a3mart.app.ui.selisih.SelisihAdapter$ViewHolder
com.a3mart.app.databinding.LayoutDownloadProgressBinding
com.a3mart.app.ui.transaksi.TransaksiFragment$2
com.a3mart.app.ui.produk.ProdukAdapter$ProdukDiffCallback
com.a3mart.app.ui.transaksi.TransaksiFragment$ProdukSpinnerAdapter
com.a3mart.app.databinding.ItemTransaksiBinding
com.a3mart.app.utils.DialogUtils
com.a3mart.app.ui.produk.ProdukViewModel
com.a3mart.app.ui.transaksi.TransaksiFragment$4$2
com.a3mart.app.databinding.DialogTambahTransaksiBinding
com.a3mart.app.ui.selisih.SelisihFragment$2
com.a3mart.app.ui.selisih.SelisihFragment$4
com.a3mart.app.ui.transaksi.TransaksiFragment$3
com.a3mart.app.utils.NotificationHelper
com.a3mart.app.ui.transaksi.TransaksiAdapter$ViewHolder
com.a3mart.app.ui.produk.ProdukViewModel$1
com.a3mart.app.ui.transaksi.TransaksiViewModel$1
com.a3mart.app.R$menu
com.a3mart.app.ui.transaksi.TransaksiAdapter
com.a3mart.app.ui.selisih.SelisihAdapter$SelisihDiffCallback
com.a3mart.app.ui.transaksi.TransaksiViewModel$2
com.a3mart.app.ui.transaksi.TransaksiFragment$6
com.a3mart.app.databinding.LayoutProgressBinding
com.a3mart.app.ui.selisih.SelisihFragment
com.a3mart.app.ui.transaksi.TransaksiFragment$1
com.a3mart.app.databinding.DialogTambahProdukBinding
com.a3mart.app.databinding.ItemProdukRekapBinding
com.a3mart.app.utils.A3MartBackupModel
com.a3mart.app.R$xml
com.a3mart.app.ui.selisih.Selisih
com.a3mart.app.ui.selisih.SelisihFragment$1
com.a3mart.app.ui.produk.ProdukFragment
com.a3mart.app.ui.transaksi.TransaksiAdapter$OnItemLongClickListener
com.a3mart.app.ui.produk.ProdukFragment$2$1
com.a3mart.app.databinding.LayoutDialogHapusBinding
com.a3mart.app.databinding.LayoutDialogUpdateBinding
com.a3mart.app.ui.produk.Produk
com.a3mart.app.ui.transaksi.TransaksiViewModel
com.a3mart.app.ui.selisih.SelisihViewModel$RekapData
com.a3mart.app.R$string
com.a3mart.app.R$dimen
com.a3mart.app.ui.selisih.SelisihFragment$3
com.a3mart.app.databinding.ActivityScannerBinding
com.a3mart.app.ui.transaksi.TransaksiFragment$4
com.a3mart.app.R
com.a3mart.app.ui.selisih.SelisihFragment$6
com.a3mart.app.ui.transaksi.TransaksiFragment$4$1
com.a3mart.app.databinding.DialogTambahHutangBinding
com.a3mart.app.utils.FormatterUtils
com.a3mart.app.R$raw
com.a3mart.app.ui.selisih.SelisihFragment$5
com.a3mart.app.databinding.DialogRestoreListBinding
com.a3mart.app.ScannerOverlayView
com.a3mart.app.databinding.FragmentTransaksiBinding
com.a3mart.app.R$drawable
com.a3mart.app.MainActivity$2
com.a3mart.app.ui.produk.ProdukFragment$1
com.a3mart.app.ui.selisih.SelisihAdapter
com.a3mart.app.databinding.ActivityMainBinding
com.a3mart.app.databinding.FragmentSelisihBinding
com.a3mart.app.utils.SwipeActionHelper
com.a3mart.app.ui.transaksi.TransaksiAdapter$TransaksiDiffCallback
com.a3mart.app.databinding.ItemFileBackupBinding
com.a3mart.app.ui.produk.ProdukAdapter
com.a3mart.app.ui.produk.ProdukAdapter$OnItemLongClickListener
com.a3mart.app.ui.selisih.SelisihFragment$BackupViewHolder
com.a3mart.app.ui.transaksi.TransaksiFragment
com.a3mart.app.ui.produk.ProdukAdapter$OnQuickEditListener
com.a3mart.app.ui.selisih.SelisihAdapter$OnRekapActionListener
com.a3mart.app.R$navigation
com.a3mart.app.ui.selisih.SelisihFragment$7
com.a3mart.app.databinding.FragmentProdukBinding
com.a3mart.app.ui.transaksi.TransaksiFragment$7
com.a3mart.app.databinding.DialogSettingsBinding
com.a3mart.app.databinding.ItemSelisihBinding
com.a3mart.app.R$style
com.a3mart.app.ui.selisih.SelisihAdapter$OnSelisihLongClickListener
com.a3mart.app.MainActivity$1
com.a3mart.app.ui.produk.ProdukFragment$2
com.a3mart.app.ui.selisih.SelisihViewModel
com.a3mart.app.ui.transaksi.Transaksi
com.a3mart.app.R$color
com.a3mart.app.ui.transaksi.TransaksiFragment$5
com.a3mart.app.R$layout
com.a3mart.app.R$id
com.a3mart.app.databinding.LayoutDialogInfoBinding
com.a3mart.app.MainActivity
com.a3mart.app.databinding.DialogTambahDepositBinding
com.a3mart.app.ScannerActivity
com.a3mart.app.databinding.ItemProdukBinding
com.a3mart.app.BuildConfig
...
androidx.lifecycle.ReportFragment$LifecycleCallbacks: void onActivityPreStopped(android.app.Activity)
com.google.android.material.internal.VisibilityAwareImageButton: VisibilityAwareImageButton(android.content.Context,android.util.AttributeSet)
androidx.appcompat.widget.AppCompatButton: android.content.res.ColorStateList getSupportCompoundDrawablesTintList()
com.google.android.material.floatingtoolbar.FloatingToolbarLayout: FloatingToolbarLayout(android.content.Context,android.util.AttributeSet,int)
com.google.android.material.snackbar.BaseTransientBottomBar: boolean access$2000(com.google.android.material.snackbar.BaseTransientBottomBar)
androidx.appcompat.widget.ForwardingListener: boolean onForwardingStopped()
com.google.android.material.card.MaterialCardView: void onMeasure(int,int)
com.google.gson.internal.Excluder: com.google.gson.TypeAdapter create(com.google.gson.Gson,com.google.gson.reflect.TypeToken)
androidx.appcompat.widget.ThemeUtils: int getDisabledThemeAttrColor(android.content.Context,int)
androidx.transition.Transition: androidx.transition.Transition addTarget(int)
com.google.android.material.shape.MaterialShapes: androidx.graphics.shapes.RoundedPolygon getPixelTriangle()
com.google.android.material.datepicker.YearGridAdapter: void onBindViewHolder(androidx.recyclerview.widget.RecyclerView$ViewHolder,int)
com.google.android.material.bottomsheet.BottomSheetBehavior: androidx.core.view.accessibility.AccessibilityViewCommand createAccessibilityViewCommandForState(int)
com.google.android.material.appbar.CollapsingToolbarLayout: void setCollapsedSubtitleTextSize(float)
com.google.android.material.badge.BadgeDrawable: int getHorizontalOffset()
com.google.android.material.animation.MotionSpec: com.google.android.material.animation.MotionSpec createSpecFromAnimators(java.util.List)
androidx.appcompat.widget.AbsActionBarView: AbsActionBarView(android.content.Context,android.util.AttributeSet)
com.google.android.material.elevation.SurfaceColors: int getColor(android.content.Context)
com.google.android.material.internal.ViewUtils$RelativePadding: ViewUtils$RelativePadding(com.google.android.material.internal.ViewUtils$RelativePadding)
com.google.android.material.timepicker.TimePickerClockPresenter: void performHapticFeedback(int,int)
androidx.appcompat.widget.ActionMenuPresenter$PopupPresenterCallback: void onCloseMenu(androidx.appcompat.view.menu.MenuBuilder,boolean)
com.google.android.material.navigation.NavigationBarMenuView: void setMeasurePaddingFromLabelBaseline(boolean)
androidx.appcompat.widget.Toolbar$SavedState: Toolbar$SavedState(android.os.Parcel,java.lang.ClassLoader)
com.github.mikephil.charting.charts.Chart: void setExtraBottomOffset(float)
com.google.android.material.snackbar.BaseTransientBottomBar: void onAttachedToWindow()
com.google.gson.internal.bind.MapTypeAdapterFactory$Adapter: java.util.Map read(com.google.gson.stream.JsonReader)
com.google.android.material.color.utilities.DynamicColor: double getTone(com.google.android.material.color.utilities.DynamicScheme)
com.google.gson.JsonElement: com.google.gson.JsonNull getAsJsonNull()
com.google.android.material.slider.BaseSlider: java.lang.String access$600(com.google.android.material.slider.BaseSlider,float)
com.google.android.material.progressindicator.LinearProgressIndicator: void setIndicatorColor(int[])
com.google.android.material.sidesheet.SideSheetBehavior: void removeCallback(com.google.android.material.sidesheet.SheetCallback)
com.google.android.material.floatingactionbutton.ExtendedFloatingActionButton$6: ExtendedFloatingActionButton$6(java.lang.Class,java.lang.String)
com.google.android.material.progressindicator.IndeterminateDrawable: boolean setVisibleInternal(boolean,boolean,boolean)
com.google.android.material.snackbar.BaseTransientBottomBar$Anchor: android.view.View getAnchorView()