app/build/outputs/mapping/release/usage.txt
com.a3mart.app.ScannerActivity$$InternalSyntheticLambda$1$b31de522321be3c41ef4b9942e8c3e19fdcc372c961f5d2cc50f35a20f4b48b1$0:
    public final synthetic void getDefaultTargetResolution()
com.a3mart.app.ui.selisih.SelisihViewModel-IA
...
androidx.recyclerview.R$dimen:
    public static int compat_button_inset_horizontal_material
    public static int compat_button_inset_vertical_material
    public static int compat_button_padding_horizontal_material
    public static int compat_button_padding_vertical_material
    public static int compat_control_corner_material
    public static int compat_notification_large_icon_max_height
    public static int compat_notification_large_icon_max_width
    public static int notification_action_icon_size
    public static int notification_action_text_size
    public static int notification_big_circle_margin
    public static int notification_content_margin_start
    public static int notification_large_icon_height
    public static int notification_large_icon_width
    public static int notification_main_column_padding_top
    public static int notification_media_narrow_margin
    public static int notification_right_icon_size
    public static int notification_right_side_padding_top
    public static int notification_small_icon_background_padding
    public static int notification_small_icon_size_as_large
    public static int notification_subtext_size
    public static int notification_top_pad
    public static int notification_top_pad_large_text
    private void <init>()
androidx.recyclerview.R$drawable
androidx.recyclerview.R$id:
    public static int accessibility_action_clickable_span
    public static int accessibility_custom_action_0
    public static int accessibility_custom_action_1
    public static int accessibility_custom_action_10
    public static int accessibility_custom_action_11
    public static int accessibility_custom_action_12
    public static int accessibility_custom_action_13
    public static int accessibility_custom_action_14
    public static int accessibility_custom_action_15
    public static int accessibility_custom_action_16
    public static int accessibility_custom_action_17
    public static int accessibility_custom_action_18
    public static int accessibility_custom_action_19
    public static int accessibility_custom_action_2
    public static int accessibility_custom_action_20
    public static int accessibility_custom_action_21
    public static int accessibility_custom_action_22
    public static int accessibility_custom_action_23
    public static int accessibility_custom_action_24
    public static int accessibility_custom_action_25
    public static int accessibility_custom_action_26
    public static int accessibility_custom_action_27
    public static int accessibility_custom_action_28
    public static int accessibility_custom_action_29
    public static int accessibility_custom_action_3
    public static int accessibility_custom_action_30
    public static int accessibility_custom_action_31
androidx.recyclerview.R$integer
androidx.recyclerview.R$layout
androidx.recyclerview.R$string
androidx.recyclerview.R$style